0 info it worked if it ends with ok
1 verbose cli [ 'H:\\appdata\\local\\scoop\\apps\\nodejs\\0.10.32\\nodejs\\\\node.exe',
1 verbose cli   'H:\\appdata\\local\\scoop\\apps\\nodejs\\0.10.32\\nodejs\\node_modules\\npm\\bin\\npm-cli.js',
1 verbose cli   'install',
1 verbose cli   'bower',
1 verbose cli   '-g' ]
2 info using npm@1.4.28
3 info using node@v0.10.32
4 verbose node symlink H:\appdata\local\scoop\apps\nodejs\0.10.32\nodejs\\node.exe
5 verbose cache add [ 'bower', null ]
6 verbose cache add name=undefined spec="bower" args=["bower",null]
7 verbose parsed url { protocol: null,
7 verbose parsed url   slashes: null,
7 verbose parsed url   auth: null,
7 verbose parsed url   host: null,
7 verbose parsed url   port: null,
7 verbose parsed url   hostname: null,
7 verbose parsed url   hash: null,
7 verbose parsed url   search: null,
7 verbose parsed url   query: null,
7 verbose parsed url   pathname: 'bower',
7 verbose parsed url   path: 'bower',
7 verbose parsed url   href: 'bower' }
8 silly lockFile 206e3ce5-bower bower
9 verbose lock bower C:\Users\ndi14jhg\AppData\Roaming\npm-cache\206e3ce5-bower.lock
10 silly lockFile 206e3ce5-bower bower
11 silly lockFile 206e3ce5-bower bower
12 verbose addNamed [ 'bower', '' ]
13 verbose addNamed [ null, '*' ]
14 silly lockFile 1240aab1-bower bower@
15 verbose lock bower@ C:\Users\ndi14jhg\AppData\Roaming\npm-cache\1240aab1-bower.lock
16 silly addNameRange { name: 'bower', range: '*', hasData: false }
17 verbose request where is /bower
18 verbose request registry http://registry.npmjs.org/
19 verbose request id 887c2dc0284b1fe8
20 verbose url raw /bower
21 verbose url resolving [ 'http://registry.npmjs.org/', './bower' ]
22 verbose url resolved http://registry.npmjs.org/bower
23 verbose request where is http://registry.npmjs.org/bower
24 info trying registry request attempt 1 at 11:33:08
25 http GET http://registry.npmjs.org/bower
26 http 200 http://registry.npmjs.org/bower
27 silly registry.get cb [ 200,
27 silly registry.get   { server: 'CouchDB/1.5.0 (Erlang OTP/R16B03)',
27 silly registry.get     etag: '"2A874AUSW90GEUIKVSPSW4ZNM"',
27 silly registry.get     'content-type': 'application/json',
27 silly registry.get     'cache-control': 'max-age=60',
27 silly registry.get     'content-length': '105486',
27 silly registry.get     'accept-ranges': 'bytes',
27 silly registry.get     date: 'Fri, 21 Nov 2014 10:33:08 GMT',
27 silly registry.get     via: '1.1 varnish',
27 silly registry.get     age: '49',
27 silly registry.get     connection: 'keep-alive',
27 silly registry.get     'x-served-by': 'cache-fra1224-FRA',
27 silly registry.get     'x-cache': 'HIT',
27 silly registry.get     'x-cache-hits': '1',
27 silly registry.get     'x-timer': 'S1416565988.900315,VS0,VE0',
27 silly registry.get     vary: 'Accept' } ]
28 silly addNameRange number 2 { name: 'bower', range: '*', hasData: true }
29 silly addNameRange versions [ 'bower',
29 silly addNameRange   [ '0.1.0',
29 silly addNameRange     '0.1.2',
29 silly addNameRange     '0.1.3',
29 silly addNameRange     '0.2.0',
29 silly addNameRange     '0.3.0',
29 silly addNameRange     '0.3.1',
29 silly addNameRange     '0.3.2',
29 silly addNameRange     '0.4.0',
29 silly addNameRange     '0.5.0',
29 silly addNameRange     '0.5.1',
29 silly addNameRange     '0.6.0',
29 silly addNameRange     '0.6.1',
29 silly addNameRange     '0.6.2',
29 silly addNameRange     '0.6.3',
29 silly addNameRange     '0.6.4',
29 silly addNameRange     '0.6.5',
29 silly addNameRange     '0.6.6',
29 silly addNameRange     '0.6.7',
29 silly addNameRange     '0.6.8',
29 silly addNameRange     '0.7.0',
29 silly addNameRange     '0.7.1',
29 silly addNameRange     '0.8.0',
29 silly addNameRange     '0.8.1',
29 silly addNameRange     '0.8.2',
29 silly addNameRange     '0.8.3',
29 silly addNameRange     '0.8.4',
29 silly addNameRange     '0.8.5',
29 silly addNameRange     '0.8.6',
29 silly addNameRange     '0.9.0',
29 silly addNameRange     '0.9.1',
29 silly addNameRange     '0.9.2',
29 silly addNameRange     '0.10.0',
29 silly addNameRange     '1.0.0',
29 silly addNameRange     '1.0.1',
29 silly addNameRange     '1.0.2',
29 silly addNameRange     '1.0.3',
29 silly addNameRange     '1.1.0',
29 silly addNameRange     '1.1.1',
29 silly addNameRange     '1.1.2',
29 silly addNameRange     '1.2.0',
29 silly addNameRange     '1.2.1',
29 silly addNameRange     '1.2.2',
29 silly addNameRange     '1.2.3',
29 silly addNameRange     '1.2.4',
29 silly addNameRange     '1.2.5',
29 silly addNameRange     '1.2.6',
29 silly addNameRange     '1.2.7',
29 silly addNameRange     '1.2.8',
29 silly addNameRange     '1.3.0',
29 silly addNameRange     '1.3.1',
29 silly addNameRange     '1.3.2',
29 silly addNameRange     '1.3.3',
29 silly addNameRange     '1.3.4',
29 silly addNameRange     '1.3.5',
29 silly addNameRange     '1.3.6',
29 silly addNameRange     '1.3.7',
29 silly addNameRange     '1.3.8',
29 silly addNameRange     '1.3.9',
29 silly addNameRange     '1.3.10',
29 silly addNameRange     '1.3.11',
29 silly addNameRange     '1.3.12' ] ]
30 verbose addNamed [ 'bower', '1.3.12' ]
31 verbose addNamed [ '1.3.12', '1.3.12' ]
32 silly lockFile 9819431c-bower-1-3-12 bower@1.3.12
33 verbose lock bower@1.3.12 C:\Users\ndi14jhg\AppData\Roaming\npm-cache\9819431c-bower-1-3-12.lock
34 silly lockFile 9c854f61-npmjs-org-bower-bower-1-3-12-tgz http://registry.npmjs.org/bower/-/bower-1.3.12.tgz
35 verbose lock http://registry.npmjs.org/bower/-/bower-1.3.12.tgz C:\Users\ndi14jhg\AppData\Roaming\npm-cache\9c854f61-npmjs-org-bower-bower-1-3-12-tgz.lock
36 verbose addRemoteTarball [ 'http://registry.npmjs.org/bower/-/bower-1.3.12.tgz',
36 verbose addRemoteTarball   '37de0edb3904baf90aee13384a1a379a05ee214c' ]
37 info retry fetch attempt 1 at 11:33:09
38 verbose fetch to= C:\Users\ndi14jhg\AppData\Local\Temp\npm-1144-dvSlbt8C\registry.npmjs.org\bower\-\bower-1.3.12.tgz
39 http GET http://registry.npmjs.org/bower/-/bower-1.3.12.tgz
40 http 200 http://registry.npmjs.org/bower/-/bower-1.3.12.tgz
41 silly lockFile 9c854f61-npmjs-org-bower-bower-1-3-12-tgz http://registry.npmjs.org/bower/-/bower-1.3.12.tgz
42 silly lockFile 9c854f61-npmjs-org-bower-bower-1-3-12-tgz http://registry.npmjs.org/bower/-/bower-1.3.12.tgz
43 silly lockFile 9819431c-bower-1-3-12 bower@1.3.12
44 silly lockFile 9819431c-bower-1-3-12 bower@1.3.12
45 silly lockFile 1240aab1-bower bower@
46 silly lockFile 1240aab1-bower bower@
47 silly resolved [ { name: 'bower',
47 silly resolved     version: '1.3.12',
47 silly resolved     description: 'The browser package manager',
47 silly resolved     author: { name: 'Twitter' },
47 silly resolved     licenses: [ [Object] ],
47 silly resolved     repository: { type: 'git', url: 'https://github.com/bower/bower' },
47 silly resolved     main: 'lib',
47 silly resolved     homepage: 'http://bower.io',
47 silly resolved     engines: { node: '>=0.10.0' },
47 silly resolved     dependencies:
47 silly resolved      { abbrev: '~1.0.4',
47 silly resolved        archy: '0.0.2',
47 silly resolved        'bower-config': '~0.5.2',
47 silly resolved        'bower-endpoint-parser': '~0.2.2',
47 silly resolved        'bower-json': '~0.4.0',
47 silly resolved        'bower-logger': '~0.2.2',
47 silly resolved        'bower-registry-client': '~0.2.0',
47 silly resolved        cardinal: '0.4.0',
47 silly resolved        chalk: '0.5.0',
47 silly resolved        chmodr: '0.1.0',
47 silly resolved        'decompress-zip': '0.0.8',
47 silly resolved        fstream: '~1.0.2',
47 silly resolved        'fstream-ignore': '~1.0.1',
47 silly resolved        glob: '~4.0.2',
47 silly resolved        'graceful-fs': '~3.0.1',
47 silly resolved        handlebars: '~2.0.0',
47 silly resolved        inquirer: '0.7.1',
47 silly resolved        insight: '0.4.3',
47 silly resolved        'is-root': '~1.0.0',
47 silly resolved        junk: '~1.0.0',
47 silly resolved        lockfile: '~1.0.0',
47 silly resolved        'lru-cache': '~2.5.0',
47 silly resolved        mkdirp: '0.5.0',
47 silly resolved        mout: '~0.9.0',
47 silly resolved        nopt: '~3.0.0',
47 silly resolved        opn: '~1.0.0',
47 silly resolved        osenv: '0.1.0',
47 silly resolved        'p-throttler': '0.1.0',
47 silly resolved        promptly: '0.2.0',
47 silly resolved        q: '~1.0.1',
47 silly resolved        request: '~2.42.0',
47 silly resolved        'request-progress': '0.3.0',
47 silly resolved        retry: '0.6.0',
47 silly resolved        rimraf: '~2.2.0',
47 silly resolved        semver: '~2.3.0',
47 silly resolved        'shell-quote': '~1.4.1',
47 silly resolved        'stringify-object': '~1.0.0',
47 silly resolved        'tar-fs': '0.5.2',
47 silly resolved        tmp: '0.0.23',
47 silly resolved        'update-notifier': '0.2.0',
47 silly resolved        which: '~1.0.5' },
47 silly resolved     devDependencies:
47 silly resolved      { coveralls: '~2.11.0',
47 silly resolved        'expect.js': '~0.3.1',
47 silly resolved        grunt: '~0.4.4',
47 silly resolved        'grunt-cli': '^0.1.13',
47 silly resolved        'grunt-contrib-jshint': '~0.10.0',
47 silly resolved        'grunt-contrib-watch': '~0.6.1',
47 silly resolved        'grunt-exec': '~0.4.2',
47 silly resolved        'grunt-simple-mocha': '~0.4.0',
47 silly resolved        istanbul: '~0.3.2',
47 silly resolved        'load-grunt-tasks': '~0.6.0',
47 silly resolved        mocha: '~1.21.4',
47 silly resolved        nock: '~0.46.0',
47 silly resolved        'node-uuid': '~1.4.1',
47 silly resolved        proxyquire: '~1.0.1' },
47 silly resolved     scripts: { test: 'grunt test' },
47 silly resolved     bin: { bower: 'bin/bower' },
47 silly resolved     preferGlobal: true,
47 silly resolved     gitHead: 'b26c072f0db054a1902ec4d2e3726dbf8a1c799a',
47 silly resolved     bugs: { url: 'https://github.com/bower/bower/issues' },
47 silly resolved     _id: 'bower@1.3.12',
47 silly resolved     _shasum: '37de0edb3904baf90aee13384a1a379a05ee214c',
47 silly resolved     _from: 'bower@',
47 silly resolved     _npmVersion: '2.0.0',
47 silly resolved     _npmUser: { name: 'sheerun', email: 'sheerun@sher.pl' },
47 silly resolved     maintainers: [ [Object], [Object], [Object], [Object], [Object], [Object] ],
47 silly resolved     dist:
47 silly resolved      { shasum: '37de0edb3904baf90aee13384a1a379a05ee214c',
47 silly resolved        tarball: 'http://registry.npmjs.org/bower/-/bower-1.3.12.tgz' },
47 silly resolved     directories: {},
47 silly resolved     _resolved: 'http://registry.npmjs.org/bower/-/bower-1.3.12.tgz' } ]
48 info install bower@1.3.12 into H:\appdata\local\scoop\apps\nodejs\0.10.32\nodejs
49 info installOne bower@1.3.12
50 verbose node_modules\bower unbuild
51 verbose tar unpack C:\Users\ndi14jhg\AppData\Roaming\npm-cache\bower\1.3.12\package.tgz
52 silly lockFile e94492e5--10-32-nodejs-node-modules-bower tar://H:\appdata\local\scoop\apps\nodejs\0.10.32\nodejs\node_modules\bower
53 verbose lock tar://H:\appdata\local\scoop\apps\nodejs\0.10.32\nodejs\node_modules\bower C:\Users\ndi14jhg\AppData\Roaming\npm-cache\e94492e5--10-32-nodejs-node-modules-bower.lock
54 silly lockFile 35516619-m-cache-bower-1-3-12-package-tgz tar://C:\Users\ndi14jhg\AppData\Roaming\npm-cache\bower\1.3.12\package.tgz
55 verbose lock tar://C:\Users\ndi14jhg\AppData\Roaming\npm-cache\bower\1.3.12\package.tgz C:\Users\ndi14jhg\AppData\Roaming\npm-cache\35516619-m-cache-bower-1-3-12-package-tgz.lock
56 silly gunzTarPerm modes [ '777', '666' ]
57 silly gunzTarPerm extractEntry package.json
58 silly gunzTarPerm modified mode [ 'package.json', 420, 438 ]
59 silly gunzTarPerm extractEntry .npmignore
60 silly gunzTarPerm modified mode [ '.npmignore', 420, 438 ]
61 silly gunzTarPerm extractEntry README.md
62 silly gunzTarPerm modified mode [ 'README.md', 420, 438 ]
63 silly gunzTarPerm extractEntry LICENSE
64 silly gunzTarPerm modified mode [ 'LICENSE', 420, 438 ]
65 silly gunzTarPerm extractEntry Gruntfile.js
66 silly gunzTarPerm modified mode [ 'Gruntfile.js', 420, 438 ]
67 silly gunzTarPerm extractEntry HOOKS.md
68 silly gunzTarPerm modified mode [ 'HOOKS.md', 420, 438 ]
69 silly gunzTarPerm extractEntry CHANGELOG.md
70 silly gunzTarPerm modified mode [ 'CHANGELOG.md', 420, 438 ]
71 silly gunzTarPerm extractEntry CONTRIBUTING.md
72 silly gunzTarPerm modified mode [ 'CONTRIBUTING.md', 420, 438 ]
73 silly gunzTarPerm extractEntry .editorconfig
74 silly gunzTarPerm modified mode [ '.editorconfig', 420, 438 ]
75 silly gunzTarPerm extractEntry .jshintrc
76 silly gunzTarPerm modified mode [ '.jshintrc', 420, 438 ]
77 silly gunzTarPerm extractEntry bin/bower
78 silly gunzTarPerm modified mode [ 'bin/bower', 493, 511 ]
79 silly gunzTarPerm extractEntry lib/config.js
80 silly gunzTarPerm modified mode [ 'lib/config.js', 420, 438 ]
81 silly gunzTarPerm extractEntry lib/index.js
82 silly gunzTarPerm modified mode [ 'lib/index.js', 420, 438 ]
83 silly gunzTarPerm extractEntry lib/commands/version.js
84 silly gunzTarPerm modified mode [ 'lib/commands/version.js', 420, 438 ]
85 silly gunzTarPerm extractEntry lib/commands/info.js
86 silly gunzTarPerm modified mode [ 'lib/commands/info.js', 420, 438 ]
87 error nospc ENOSPC, write
87 error nospc This is most likely not a problem with npm itself
87 error nospc and is related to insufficient space on your system.
88 error System Windows_NT 6.1.7601
89 error command "H:\\appdata\\local\\scoop\\apps\\nodejs\\0.10.32\\nodejs\\\\node.exe" "H:\\appdata\\local\\scoop\\apps\\nodejs\\0.10.32\\nodejs\\node_modules\\npm\\bin\\npm-cli.js" "install" "bower" "-g"
90 error cwd C:\Users\ndi14jhg\desktop\github\proffsbyggen
91 error node -v v0.10.32
92 error npm -v 1.4.28
93 error code ENOSPC
94 error errno 54
95 verbose exit [ 54, true ]
